<?xml version="1.0" encoding="UTF-8"?>
<!-- Generated by org.testng.reporters.JUnitReportReporter -->
<testsuite skipped="0" hostname="ashish3147289" name="GoogleHomePage" tests="10" failures="0" timestamp="30 Apr 2018 07:08:05 GMT" time="250.697" errors="1">
  <testcase name="search6" time="28.524" classname="GoogleHomePage"/>
  <testcase name="search7" time="29.072" classname="GoogleHomePage"/>
  <testcase name="search8" time="26.206" classname="GoogleHomePage"/>
  <testcase name="search4" time="27.077" classname="GoogleHomePage"/>
  <testcase name="search10" time="25.839" classname="GoogleHomePage"/>
  <testcase name="search5" time="26.765" classname="GoogleHomePage"/>
  <testcase name="search2" time="21.533" classname="GoogleHomePage"/>
  <testcase name="search1" time="24.958" classname="GoogleHomePage"/>
  <testcase name="search3" time="23.937" classname="GoogleHomePage"/>
  <testcase name="search9" time="16.786" classname="GoogleHomePage">
    <error type="java.lang.Error" message="Unresolved compilation problems: 
	Syntax error, insert &quot;VariableDeclarators&quot; to complete LocalVariableDeclaration
	Syntax error, insert &quot;;&quot; to complete LocalVariableDeclarationStatement
	s cannot be resolved
">
      <![CDATA[java.lang.Error: Unresolved compilation problems: 
Syntax error, insert "VariableDeclarators" to complete LocalVariableDeclaration
Syntax error, insert ";" to complete LocalVariableDeclarationStatement
s cannot be resolved

at GoogleHomePage.search9(GoogleHomePage.java:103)
at sun.reflect.NativeMethodAccessorImpl.invoke0(Native Method)
at sun.reflect.NativeMethodAccessorImpl.invoke(Unknown Source)
at sun.reflect.DelegatingMethodAccessorImpl.invoke(Unknown Source)
at java.lang.reflect.Method.invoke(Unknown Source)
at org.testng.internal.MethodInvocationHelper.invokeMethod(MethodInvocationHelper.java:124)
at org.testng.internal.Invoker.invokeMethod(Invoker.java:580)
at org.testng.internal.Invoker.invokeTestMethod(Invoker.java:716)
at org.testng.internal.Invoker.invokeTestMethods(Invoker.java:988)
at org.testng.internal.TestMethodWorker.invokeTestMethods(TestMethodWorker.java:125)
at org.testng.internal.TestMethodWorker.run(TestMethodWorker.java:109)
at java.util.concurrent.ThreadPoolExecutor.runWorker(Unknown Source)
at java.util.concurrent.ThreadPoolExecutor$Worker.run(Unknown Source)
at java.lang.Thread.run(Unknown Source)
]]>
    </error>
  </testcase> <!-- search9 -->
</testsuite> <!-- GoogleHomePage -->
